<?xml version="1.0" encoding="UTF-8"?><testrun name="TestRunner" project="CucumberJava" tests="1" started="1" failures="0" errors="1" ignored="0">
  <testsuite name="br.sp.alex.tests.TestRunner" time="17.494">
    <testsuite name="Cotacao de veiculos" time="17.494">
      <testcase name="Preencher dados do veiculo" classname="Cotacao de veiculos" time="17.495">
        <error>org.openqa.selenium.ElementClickInterceptedException: element click intercepted: Element &lt;input id="speeding" name="Hobbies" type="checkbox" value="Speeding" style="position: absolute; left: -9999px;"&gt; is not clickable at point (386, 502). Other element would receive the click: &lt;span class="ideal-check"&gt;&lt;/span&gt;
  (Session info: chrome=88.0.4324.182)
Build info: version: '4.0.0-alpha-7', revision: 'de8579b6d5'
System info: host: 'WINDEV2101EVAL', ip: '10.0.2.15', os.name: 'Windows 10', os.arch: 'amd64', os.version: '10.0', java.version: '15.0.2'
Driver info: org.openqa.selenium.chrome.ChromeDriver
Capabilities {acceptInsecureCerts: false, browserName: chrome, browserVersion: 88.0.4324.182, chrome: {chromedriverVersion: 88.0.4324.27 (6347fe8bf1e48..., userDataDir: C:\Users\User\AppData\Local...}, goog:chromeOptions: {debuggerAddress: localhost:57379}, javascriptEnabled: true, networkConnectionEnabled: false, pageLoadStrategy: normal, platform: WINDOWS, platformName: WINDOWS, proxy: Proxy(), setWindowRect: true, strictFileInteractability: false, timeouts: {implicit: 0, pageLoad: 300000, script: 30000}, unhandledPromptBehavior: dismiss and notify, webauthn:extension:largeBlob: true, webauthn:virtualAuthenticators: true}
Session ID: e517c4d70ab5f3f2b755e92f57f10825&#13;
	at java.base/jdk.internal.reflect.NativeConstructorAccessorImpl.newInstance0(Native Method)&#13;
	at java.base/jdk.internal.reflect.NativeConstructorAccessorImpl.newInstance(NativeConstructorAccessorImpl.java:64)&#13;
	at java.base/jdk.internal.reflect.DelegatingConstructorAccessorImpl.newInstance(DelegatingConstructorAccessorImpl.java:45)&#13;
	at java.base/java.lang.reflect.Constructor.newInstanceWithCaller(Constructor.java:500)&#13;
	at java.base/java.lang.reflect.Constructor.newInstance(Constructor.java:481)&#13;
	at org.openqa.selenium.remote.codec.w3c.W3CHttpResponseCodec.createException(W3CHttpResponseCodec.java:196)&#13;
	at org.openqa.selenium.remote.codec.w3c.W3CHttpResponseCodec.decode(W3CHttpResponseCodec.java:129)&#13;
	at org.openqa.selenium.remote.codec.w3c.W3CHttpResponseCodec.decode(W3CHttpResponseCodec.java:53)&#13;
	at org.openqa.selenium.remote.HttpCommandExecutor.execute(HttpCommandExecutor.java:167)&#13;
	at org.openqa.selenium.remote.service.DriverCommandExecutor.execute(DriverCommandExecutor.java:123)&#13;
	at org.openqa.selenium.remote.RemoteWebDriver.execute(RemoteWebDriver.java:501)&#13;
	at org.openqa.selenium.remote.RemoteWebElement.execute(RemoteWebElement.java:238)&#13;
	at org.openqa.selenium.remote.RemoteWebElement.click(RemoteWebElement.java:79)&#13;
	at br.sp.alex.core.ElementsPage.clicarCheck(ElementsPage.java:46)&#13;
	at br.sp.alex.tests.CotacaoVeiculo.preenchoAProfissaoESelecionoOsHobbies(CotacaoVeiculo.java:135)&#13;
	at âœ½.preencho a  profissao "Public Official" e seleciono os Hobbies(file:///C:/Users/User/eclipse-workspace/CucumberJava/src/test/resources/Feature/CotacaoVeiculo.feature:27)&#13;
&#13;
</error>
      </testcase>
    </testsuite>
  </testsuite>
</testrun>
