<?xml version="1.0" encoding="UTF-8"?><testrun name="TestRunner" project="CucumberJava" tests="1" started="1" failures="0" errors="1" ignored="0">
  <testsuite name="br.sp.alex.tests.TestRunner" time="10.57">
    <testsuite name="Cotacao de veiculos" time="10.57">
      <testcase name="Preencher dados do veiculo" classname="Cotacao de veiculos" time="10.57">
        <error>org.openqa.selenium.InvalidSelectorException: invalid selector: Unable to locate an element with the xpath expression //option[@value='8']] because of the following error:
SyntaxError: Failed to execute 'evaluate' on 'Document': The string '//option[@value='8']]' is not a valid XPath expression.
  (Session info: chrome=88.0.4324.182)
For documentation on this error, please visit: https://selenium.dev/exceptions/#invalid_selector_exception
Build info: version: '4.0.0-alpha-7', revision: 'de8579b6d5'
System info: host: 'WINDEV2101EVAL', ip: '10.0.2.15', os.name: 'Windows 10', os.arch: 'amd64', os.version: '10.0', java.version: '15.0.2'
Driver info: org.openqa.selenium.chrome.ChromeDriver
Capabilities {acceptInsecureCerts: false, browserName: chrome, browserVersion: 88.0.4324.182, chrome: {chromedriverVersion: 88.0.4324.27 (6347fe8bf1e48..., userDataDir: C:\Users\User\AppData\Local...}, goog:chromeOptions: {debuggerAddress: localhost:53410}, javascriptEnabled: true, networkConnectionEnabled: false, pageLoadStrategy: normal, platform: WINDOWS, platformName: WINDOWS, proxy: Proxy(), setWindowRect: true, strictFileInteractability: false, timeouts: {implicit: 0, pageLoad: 300000, script: 30000}, unhandledPromptBehavior: dismiss and notify, webauthn:extension:largeBlob: true, webauthn:virtualAuthenticators: true}
Session ID: 8658336e1e5bb70482e97f2f1b4354e1
*** Element info: {Using=xpath, value=//option[@value='8']]}&#13;
	at java.base/jdk.internal.reflect.NativeConstructorAccessorImpl.newInstance0(Native Method)&#13;
	at java.base/jdk.internal.reflect.NativeConstructorAccessorImpl.newInstance(NativeConstructorAccessorImpl.java:64)&#13;
	at java.base/jdk.internal.reflect.DelegatingConstructorAccessorImpl.newInstance(DelegatingConstructorAccessorImpl.java:45)&#13;
	at java.base/java.lang.reflect.Constructor.newInstanceWithCaller(Constructor.java:500)&#13;
	at java.base/java.lang.reflect.Constructor.newInstance(Constructor.java:481)&#13;
	at org.openqa.selenium.remote.codec.w3c.W3CHttpResponseCodec.createException(W3CHttpResponseCodec.java:196)&#13;
	at org.openqa.selenium.remote.codec.w3c.W3CHttpResponseCodec.decode(W3CHttpResponseCodec.java:129)&#13;
	at org.openqa.selenium.remote.codec.w3c.W3CHttpResponseCodec.decode(W3CHttpResponseCodec.java:53)&#13;
	at org.openqa.selenium.remote.HttpCommandExecutor.execute(HttpCommandExecutor.java:167)&#13;
	at org.openqa.selenium.remote.service.DriverCommandExecutor.execute(DriverCommandExecutor.java:123)&#13;
	at org.openqa.selenium.remote.RemoteWebDriver.execute(RemoteWebDriver.java:501)&#13;
	at org.openqa.selenium.remote.RemoteWebDriver.findElement(RemoteWebDriver.java:332)&#13;
	at org.openqa.selenium.By$ByXPath.findElement(By.java:379)&#13;
	at org.openqa.selenium.remote.RemoteWebDriver.findElement(RemoteWebDriver.java:312)&#13;
	at br.sp.alex.core.ElementsPage.clicarBotao(ElementsPage.java:111)&#13;
	at br.sp.alex.tests.CotacaoVeiculo.capacidadeDoCarroPara(CotacaoVeiculo.java:46)&#13;
	at âœ½.Capacidade do carro para(file:///C:/Users/User/eclipse-workspace/CucumberJava/src/test/resources/Feature/CotacaoVeiculo.feature:9)&#13;
&#13;
</error>
      </testcase>
    </testsuite>
  </testsuite>
</testrun>
